# JRE version: Java(TM) SE Runtime Environment (9.0+11) (build 9.0.4+11)
# Java VM: Java HotSpot(TM) 64-Bit Server VM (9.0.4+11, mixed mode, tiered, compressed oops, g1 gc, windows-amd64)
Heap:
 garbage-first heap   total 281600K, used 152623K [0x0000000700000000, 0x0000000700100898, 0x00000007c0000000)
  region size 1024K, 34 young (34816K), 1 survivors (1024K)
 Metaspace       used 91418K, capacity 93307K, committed 101196K, reserved 1136640K
  class space    used 11828K, capacity 12242K, committed 13952K, reserved 1048576K
GC Heap History (10 events):
Event: 14299.072 GC heap before
{Heap before GC invocations=3026 (full 1763):
 garbage-first heap   total 281600K, used 137027K [0x0000000700000000, 0x0000000700100898, 0x00000007c0000000)
  region size 1024K, 18 young (18432K), 1 survivors (1024K)
 Metaspace       used 91417K, capacity 93307K, committed 101196K, reserved 1136640K
  class space    used 11828K, capacity 12242K, committed 13952K, reserved 1048576K
}
Event: 14299.074 GC heap after
{Heap after GC invocations=3027 (full 1763):
 garbage-first heap   total 281600K, used 120718K [0x0000000700000000, 0x0000000700100898, 0x00000007c0000000)
  region size 1024K, 1 young (1024K), 1 survivors (1024K)
 Metaspace       used 91417K, capacity 93307K, committed 101196K, reserved 1136640K
  class space    used 11828K, capacity 12242K, committed 13952K, reserved 1048576K
}
Event: 14301.029 GC heap before
{Heap before GC invocations=3027 (full 1763):
 garbage-first heap   total 281600K, used 183182K [0x0000000700000000, 0x0000000700100898, 0x00000007c0000000)
  region size 1024K, 60 young (61440K), 1 survivors (1024K)
 Metaspace       used 91417K, capacity 93307K, committed 101196K, reserved 1136640K
  class space    used 11828K, capacity 12242K, committed 13952K, reserved 1048576K
}
Event: 14301.032 GC heap after
{Heap after GC invocations=3028 (full 1763):
 garbage-first heap   total 281600K, used 122961K [0x0000000700000000, 0x0000000700100898, 0x00000007c0000000)
  region size 1024K, 1 young (1024K), 1 survivors (1024K)
 Metaspace       used 91417K, capacity 93307K, committed 101196K, reserved 1136640K
  class space    used 11828K, capacity 12242K, committed 13952K, reserved 1048576K
}
Event: 14301.084 GC heap before
{Heap before GC invocations=3028 (full 1763):
 garbage-first heap   total 281600K, used 183377K [0x0000000700000000, 0x0000000700100898, 0x00000007c0000000)
  region size 1024K, 60 young (61440K), 1 survivors (1024K)
 Metaspace       used 91417K, capacity 93307K, committed 101196K, reserved 1136640K
  class space    used 11828K, capacity 12242K, committed 13952K, reserved 1048576K
}
Event: 14301.086 GC heap after
{Heap after GC invocations=3029 (full 1763):
 garbage-first heap   total 281600K, used 119823K [0x0000000700000000, 0x0000000700100898, 0x00000007c0000000)
  region size 1024K, 1 young (1024K), 1 survivors (1024K)
 Metaspace       used 91417K, capacity 93307K, committed 101196K, reserved 1136640K
  class space    used 11828K, capacity 12242K, committed 13952K, reserved 1048576K
}
Event: 14301.129 GC heap before
{Heap before GC invocations=3029 (full 1763):
 garbage-first heap   total 281600K, used 180239K [0x0000000700000000, 0x0000000700100898, 0x00000007c0000000)
  region size 1024K, 60 young (61440K), 1 survivors (1024K)
 Metaspace       used 91417K, capacity 93307K, committed 101196K, reserved 1136640K
  class space    used 11828K, capacity 12242K, committed 13952K, reserved 1048576K
}
Event: 14301.131 GC heap after
{Heap after GC invocations=3030 (full 1763):
 garbage-first heap   total 281600K, used 119854K [0x0000000700000000, 0x0000000700100898, 0x00000007c0000000)
  region size 1024K, 1 young (1024K), 1 survivors (1024K)
 Metaspace       used 91417K, capacity 93307K, committed 101196K, reserved 1136640K
  class space    used 11828K, capacity 12242K, committed 13952K, reserved 1048576K
}
Event: 14301.176 GC heap before
{Heap before GC invocations=3030 (full 1763):
 garbage-first heap   total 281600K, used 180270K [0x0000000700000000, 0x0000000700100898, 0x00000007c0000000)
  region size 1024K, 60 young (61440K), 1 survivors (1024K)
 Metaspace       used 91418K, capacity 93307K, committed 101196K, reserved 1136640K
  class space    used 11828K, capacity 12242K, committed 13952K, reserved 1048576K
}
Event: 14301.179 GC heap after
{Heap after GC invocations=3031 (full 1763):
 garbage-first heap   total 281600K, used 119855K [0x0000000700000000, 0x0000000700100898, 0x00000007c0000000)
  region size 1024K, 1 young (1024K), 1 survivors (1024K)
 Metaspace       used 91418K, capacity 93307K, committed 101196K, reserved 1136640K
  class space    used 11828K, capacity 12242K, committed 13952K, reserved 1048576K
}

